<?xml version="1.0" encoding="UTF-8"?>
<!-- Generated by org.testng.reporters.JUnitXMLReporter -->
<testsuite ignored="0" hostname="Sarawat" failures="0" tests="2" name="Default test" time="6.14" errors="0" timestamp="2023-10-04T22:16:26 EDT">
  <testcase classname="com.facebook1.POM_PageFactory_LoginTestWithPagetory.LoginTestWithPageFactory" name="boundaryLoginTest" time="0.249"/>
  <testcase classname="com.facebook1.POM_PageFactory_LoginTestWithPagetory.LoginTestWithPageFactory" name="invalidLoginTest" time="0.219"/>
</testsuite> <!-- Default test -->
