<?xml version="1.0" encoding="UTF-8"?>
<testng-results ignored="0" total="2" passed="2" failed="0" skipped="0">
  <reporter-output>
  </reporter-output>
  <suite started-at="2023-10-04T22:16:20 EDT" name="Default suite" finished-at="2023-10-04T22:16:26 EDT" duration-ms="6140">
    <groups>
    </groups>
    <test started-at="2023-10-04T22:16:20 EDT" name="Default test" finished-at="2023-10-04T22:16:26 EDT" duration-ms="6140">
      <class name="com.facebook1.POM_PageFactory_LoginTestWithPagetory.LoginTestWithPageFactory">
        <test-method is-config="true" signature="openApp()[pri:0, instance:com.facebook1.POM_PageFactory_LoginTestWithPagetory.LoginTestWithPageFactory@34a3d150]" started-at="2023-10-04T22:16:20 EDT" name="openApp" finished-at="2023-10-04T22:16:24 EDT" duration-ms="3617" status="PASS">
          <reporter-output>
          </reporter-output>
        </test-method> <!-- openApp -->
        <test-method signature="boundaryLoginTest()[pri:0, instance:com.facebook1.POM_PageFactory_LoginTestWithPagetory.LoginTestWithPageFactory@34a3d150]" started-at="2023-10-04T22:16:24 EDT" name="boundaryLoginTest" finished-at="2023-10-04T22:16:24 EDT" duration-ms="249" status="PASS">
          <reporter-output>
          </reporter-output>
        </test-method> <!-- boundaryLoginTest -->
        <test-method is-config="true" signature="closeApp()[pri:0, instance:com.facebook1.POM_PageFactory_LoginTestWithPagetory.LoginTestWithPageFactory@34a3d150]" started-at="2023-10-04T22:16:24 EDT" name="closeApp" finished-at="2023-10-04T22:16:24 EDT" duration-ms="193" status="PASS">
          <reporter-output>
          </reporter-output>
        </test-method> <!-- closeApp -->
        <test-method is-config="true" signature="openApp()[pri:0, instance:com.facebook1.POM_PageFactory_LoginTestWithPagetory.LoginTestWithPageFactory@34a3d150]" started-at="2023-10-04T22:16:24 EDT" name="openApp" finished-at="2023-10-04T22:16:26 EDT" duration-ms="1597" status="PASS">
          <reporter-output>
          </reporter-output>
        </test-method> <!-- openApp -->
        <test-method signature="invalidLoginTest()[pri:0, instance:com.facebook1.POM_PageFactory_LoginTestWithPagetory.LoginTestWithPageFactory@34a3d150]" started-at="2023-10-04T22:16:26 EDT" name="invalidLoginTest" finished-at="2023-10-04T22:16:26 EDT" duration-ms="219" status="PASS">
          <reporter-output>
          </reporter-output>
        </test-method> <!-- invalidLoginTest -->
        <test-method is-config="true" signature="closeApp()[pri:0, instance:com.facebook1.POM_PageFactory_LoginTestWithPagetory.LoginTestWithPageFactory@34a3d150]" started-at="2023-10-04T22:16:26 EDT" name="closeApp" finished-at="2023-10-04T22:16:26 EDT" duration-ms="212" status="PASS">
          <reporter-output>
          </reporter-output>
        </test-method> <!-- closeApp -->
      </class> <!-- com.facebook1.POM_PageFactory_LoginTestWithPagetory.LoginTestWithPageFactory -->
    </test> <!-- Default test -->
  </suite> <!-- Default suite -->
</testng-results>
