<?xml version="1.0" encoding="UTF-8"?>
<testng-results ignored="0" total="1" passed="1" failed="0" skipped="0">
  <reporter-output>
  </reporter-output>
  <suite started-at="2023-10-06T23:19:03 EDT" name="Default suite" finished-at="2023-10-06T23:19:07 EDT" duration-ms="3590">
    <groups>
    </groups>
    <test started-at="2023-10-06T23:19:03 EDT" name="Default test" finished-at="2023-10-06T23:19:07 EDT" duration-ms="3590">
      <class name="com.facebook1.baseLoginTest.ClientTest">
        <test-method is-config="true" signature="openApp()[pri:0, instance:com.facebook1.baseLoginTest.ClientTest@34a3d150]" started-at="2023-10-06T23:19:03 EDT" name="openApp" finished-at="2023-10-06T23:19:06 EDT" duration-ms="2955" status="PASS">
          <reporter-output>
          </reporter-output>
        </test-method> <!-- openApp -->
        <test-method signature="validLoginTest()[pri:0, instance:com.facebook1.baseLoginTest.ClientTest@34a3d150]" started-at="2023-10-06T23:19:06 EDT" name="validLoginTest" finished-at="2023-10-06T23:19:07 EDT" duration-ms="347" status="PASS">
          <reporter-output>
          </reporter-output>
        </test-method> <!-- validLoginTest -->
        <test-method is-config="true" signature="closeApp()[pri:0, instance:com.facebook1.baseLoginTest.ClientTest@34a3d150]" started-at="2023-10-06T23:19:07 EDT" name="closeApp" finished-at="2023-10-06T23:19:07 EDT" duration-ms="246" status="PASS">
          <reporter-output>
          </reporter-output>
        </test-method> <!-- closeApp -->
      </class> <!-- com.facebook1.baseLoginTest.ClientTest -->
    </test> <!-- Default test -->
  </suite> <!-- Default suite -->
</testng-results>
